This is pdfTeX, Version 3.14159265-2.6-1.40.18 (TeX Live 2017/Debian) (preloaded format=pdflatex 2019.2.7)  21 FEB 2019 16:10
entering extended mode
 restricted \write18 enabled.
 %&-line parsing enabled.
**"/home/annik/Dropbox/LINC Lab Documents/Code/MEMRL/rl_network/stategen.py"
(/home/annik/Dropbox/LINC Lab Documents/Code/MEMRL/rl_network/stategen.py
LaTeX2e <2017-04-15>
Babel <3.18> and hyphenation patterns for 3 language(s) loaded.

! LaTeX Error: Missing \begin{document}.

See the LaTeX manual or LaTeX Companion for explanation.
Type  H <return>  for immediate help.
 ...                                              
                                                  
l.1 '
     ''
You're in trouble here.  Try typing  <return>  to proceed.
If that doesn't work, type  X <return>  to quit.

Missing character: There is no ' in font nullfont!
Missing character: There is no ' in font nullfont!
Missing character: There is no ' in font nullfont!
Missing character: There is no P in font nullfont!
Missing character: There is no l in font nullfont!
Missing character: There is no o in font nullfont!
Missing character: There is no t in font nullfont!
Missing character: There is no f in font nullfont!
Missing character: There is no u in font nullfont!
Missing character: There is no n in font nullfont!
Missing character: There is no c in font nullfont!
Missing character: There is no t in font nullfont!
Missing character: There is no i in font nullfont!
Missing character: There is no o in font nullfont!
Missing character: There is no n in font nullfont!
Missing character: There is no s in font nullfont!
Missing character: There is no u in font nullfont!
Missing character: There is no s in font nullfont!
Missing character: There is no e in font nullfont!
Missing character: There is no d in font nullfont!
Missing character: There is no f in font nullfont!
Missing character: There is no o in font nullfont!
Missing character: There is no r in font nullfont!
Missing character: There is no A in font nullfont!
Missing character: There is no C in font nullfont!
Missing character: There is no A in font nullfont!
Missing character: There is no g in font nullfont!
Missing character: There is no e in font nullfont!
Missing character: There is no n in font nullfont!
Missing character: There is no t in font nullfont!
Missing character: There is no i in font nullfont!
Missing character: There is no n in font nullfont!
Missing character: There is no R in font nullfont!
Missing character: There is no L in font nullfont!
Missing character: There is no g in font nullfont!
Missing character: There is no r in font nullfont!
Missing character: There is no i in font nullfont!
Missing character: There is no d in font nullfont!
Missing character: There is no w in font nullfont!
Missing character: There is no o in font nullfont!
Missing character: There is no r in font nullfont!
Missing character: There is no l in font nullfont!
Missing character: There is no d in font nullfont!
Missing character: There is no t in font nullfont!
Missing character: There is no a in font nullfont!
Missing character: There is no s in font nullfont!
Missing character: There is no k in font nullfont!
Missing character: There is no A in font nullfont!
Missing character: There is no u in font nullfont!
Missing character: There is no t in font nullfont!
Missing character: There is no h in font nullfont!
Missing character: There is no o in font nullfont!
Missing character: There is no r in font nullfont!
Missing character: There is no : in font nullfont!
Missing character: There is no A in font nullfont!
Missing character: There is no n in font nullfont!
Missing character: There is no n in font nullfont!
Missing character: There is no i in font nullfont!
Missing character: There is no k in font nullfont!
Missing character: There is no C in font nullfont!
Missing character: There is no a in font nullfont!
Missing character: There is no r in font nullfont!
Missing character: There is no s in font nullfont!
Missing character: There is no o in font nullfont!
Missing character: There is no n in font nullfont!
Missing character: There is no - in font nullfont!
Missing character: There is no - in font nullfont!
Missing character: There is no J in font nullfont!
Missing character: There is no u in font nullfont!
Missing character: There is no n in font nullfont!
Missing character: There is no e in font nullfont!
Missing character: There is no 2 in font nullfont!
Missing character: There is no 0 in font nullfont!
Missing character: There is no 1 in font nullfont!
Missing character: There is no 8 in font nullfont!
Missing character: There is no ' in font nullfont!
Missing character: There is no ' in font nullfont!
Missing character: There is no ' in font nullfont!

Overfull \hbox (20.0pt too wide) in paragraph at lines 1--6
[]
 []

! You can't use `macro parameter character #' in vertical mode.
l.7 #
      =====================================
Sorry, but I'm not programmed to handle this case;
I'll just pretend that you didn't ask for it.
If you're in the wrong mode, you might be able to
return to the right one by typing `I}' or `I$' or `I\par'.


! LaTeX Error: Missing \begin{document}.

See the LaTeX manual or LaTeX Companion for explanation.
Type  H <return>  for immediate help.
 ...                                              
                                                  
l.7 # =
       ====================================
You're in trouble here.  Try typing  <return>  to proceed.
If that doesn't work, type  X <return>  to quit.

Missing character: There is no = in font nullfont!
Missing character: There is no = in font nullfont!
Missing character: There is no = in font nullfont!
Missing character: There is no = in font nullfont!
Missing character: There is no = in font nullfont!
Missing character: There is no = in font nullfont!
Missing character: There is no = in font nullfont!
Missing character: There is no = in font nullfont!
Missing character: There is no = in font nullfont!
Missing character: There is no = in font nullfont!
Missing character: There is no = in font nullfont!
Missing character: There is no = in font nullfont!
Missing character: There is no = in font nullfont!
Missing character: There is no = in font nullfont!
Missing character: There is no = in font nullfont!
Missing character: There is no = in font nullfont!
Missing character: There is no = in font nullfont!
Missing character: There is no = in font nullfont!
Missing character: There is no = in font nullfont!
Missing character: There is no = in font nullfont!
Missing character: There is no = in font nullfont!
Missing character: There is no = in font nullfont!
Missing character: There is no = in font nullfont!
Missing character: There is no = in font nullfont!
Missing character: There is no = in font nullfont!
Missing character: There is no = in font nullfont!
Missing character: There is no = in font nullfont!
Missing character: There is no = in font nullfont!
Missing character: There is no = in font nullfont!
Missing character: There is no = in font nullfont!
Missing character: There is no = in font nullfont!
Missing character: There is no = in font nullfont!
Missing character: There is no = in font nullfont!
Missing character: There is no = in font nullfont!
Missing character: There is no = in font nullfont!
Missing character: There is no = in font nullfont!
Missing character: There is no = in font nullfont!
! You can't use `macro parameter character #' in horizontal mode.
l.8 #
                IMPORT MODULES            #
Sorry, but I'm not programmed to handle this case;
I'll just pretend that you didn't ask for it.
If you're in the wrong mode, you might be able to
return to the right one by typing `I}' or `I$' or `I\par'.

Missing character: There is no I in font nullfont!
Missing character: There is no M in font nullfont!
Missing character: There is no P in font nullfont!
Missing character: There is no O in font nullfont!
Missing character: There is no R in font nullfont!
Missing character: There is no T in font nullfont!
Missing character: There is no M in font nullfont!
Missing character: There is no O in font nullfont!
Missing character: There is no D in font nullfont!
Missing character: There is no U in font nullfont!
Missing character: There is no L in font nullfont!
Missing character: There is no E in font nullfont!
Missing character: There is no S in font nullfont!
! You can't use `macro parameter character #' in horizontal mode.
l.8 #           IMPORT MODULES            #
                                           
Sorry, but I'm not programmed to handle this case;
I'll just pretend that you didn't ask for it.
If you're in the wrong mode, you might be able to
return to the right one by typing `I}' or `I$' or `I\par'.

! You can't use `macro parameter character #' in horizontal mode.
l.9 #
      =====================================
Sorry, but I'm not programmed to handle this case;
I'll just pretend that you didn't ask for it.
If you're in the wrong mode, you might be able to
return to the right one by typing `I}' or `I$' or `I\par'.

Missing character: There is no = in font nullfont!
Missing character: There is no = in font nullfont!
Missing character: There is no = in font nullfont!
Missing character: There is no = in font nullfont!
Missing character: There is no = in font nullfont!
Missing character: There is no = in font nullfont!
Missing character: There is no = in font nullfont!
Missing character: There is no = in font nullfont!
Missing character: There is no = in font nullfont!
Missing character: There is no = in font nullfont!
Missing character: There is no = in font nullfont!
Missing character: There is no = in font nullfont!
Missing character: There is no = in font nullfont!
Missing character: There is no = in font nullfont!
Missing character: There is no = in font nullfont!
Missing character: There is no = in font nullfont!
Missing character: There is no = in font nullfont!
Missing character: There is no = in font nullfont!
Missing character: There is no = in font nullfont!
Missing character: There is no = in font nullfont!
Missing character: There is no = in font nullfont!
Missing character: There is no = in font nullfont!
Missing character: There is no = in font nullfont!
Missing character: There is no = in font nullfont!
Missing character: There is no = in font nullfont!
Missing character: There is no = in font nullfont!
Missing character: There is no = in font nullfont!
Missing character: There is no = in font nullfont!
Missing character: There is no = in font nullfont!
Missing character: There is no = in font nullfont!
Missing character: There is no = in font nullfont!
Missing character: There is no = in font nullfont!
Missing character: There is no = in font nullfont!
Missing character: There is no = in font nullfont!
Missing character: There is no = in font nullfont!
Missing character: There is no = in font nullfont!
Missing character: There is no = in font nullfont!
Missing character: There is no f in font nullfont!
Missing character: There is no r in font nullfont!
Missing character: There is no o in font nullfont!
Missing character: There is no m in font nullfont!
! Missing $ inserted.
<inserted text> 
                $
l.10 from _
           _future__ import division, print_function
I've inserted a begin-math/end-math symbol since I think
you left one out. Proceed, with fingers crossed.

LaTeX Font Info:    External font `cmex10' loaded for size
(Font)              <7> on input line 10.
LaTeX Font Info:    External font `cmex10' loaded for size
(Font)              <5> on input line 10.
! Missing { inserted.
<to be read again> 
                   _
l.10 from __
            future__ import division, print_function
A left brace was mandatory here, so I've put one in.
You might want to delete and/or insert some corrections
so that I will find a matching right brace soon.
(If you're confused by all this, try typing `I}' now.)

! Missing { inserted.
<to be read again> 
                   _
l.10 from __future__
                     import division, print_function
A left brace was mandatory here, so I've put one in.
You might want to delete and/or insert some corrections
so that I will find a matching right brace soon.
(If you're confused by all this, try typing `I}' now.)

! Missing $ inserted.
<inserted text> 
                $
l.13 
     
I've inserted a begin-math/end-math symbol since I think
you left one out. Proceed, with fingers crossed.

! Missing } inserted.
<inserted text> 
                }
l.13 
     
I've inserted something that you may have forgotten.
(See the <inserted text> above.)
With luck, this will get me unwedged. But if you
really didn't forget anything, try typing `2' now; then
my insertion and my current dilemma will both disappear.

! Missing } inserted.
<inserted text> 
                }
l.13 
     
I've inserted something that you may have forgotten.
(See the <inserted text> above.)
With luck, this will get me unwedged. But if you
really didn't forget anything, try typing `2' now; then
my insertion and my current dilemma will both disappear.


Overfull \hbox (20.0pt too wide) in paragraph at lines 7--13
[]
 []


Overfull \hbox (378.90211pt too wide) in paragraph at lines 7--13
[]$ 
 []


! LaTeX Error: Missing \begin{document}.

See the LaTeX manual or LaTeX Companion for explanation.
Type  H <return>  for immediate help.
 ...                                              
                                                  
l.14 i
      mport numpy as np
You're in trouble here.  Try typing  <return>  to proceed.
If that doesn't work, type  X <return>  to quit.

Missing character: There is no i in font nullfont!
Missing character: There is no m in font nullfont!
Missing character: There is no p in font nullfont!
Missing character: There is no o in font nullfont!
Missing character: There is no r in font nullfont!
Missing character: There is no t in font nullfont!
Missing character: There is no n in font nullfont!
Missing character: There is no u in font nullfont!
Missing character: There is no m in font nullfont!
Missing character: There is no p in font nullfont!
Missing character: There is no y in font nullfont!
Missing character: There is no a in font nullfont!
Missing character: There is no s in font nullfont!
Missing character: There is no n in font nullfont!
Missing character: There is no p in font nullfont!
Missing character: There is no n in font nullfont!
Missing character: There is no p in font nullfont!
Missing character: There is no . in font nullfont!
Missing character: There is no r in font nullfont!
Missing character: There is no a in font nullfont!
Missing character: There is no n in font nullfont!
Missing character: There is no d in font nullfont!
Missing character: There is no o in font nullfont!
Missing character: There is no m in font nullfont!
Missing character: There is no . in font nullfont!
Missing character: There is no s in font nullfont!
Missing character: There is no e in font nullfont!
Missing character: There is no e in font nullfont!
Missing character: There is no d in font nullfont!
Missing character: There is no ( in font nullfont!
Missing character: There is no 1 in font nullfont!
Missing character: There is no 2 in font nullfont!
Missing character: There is no 3 in font nullfont!
Missing character: There is no 4 in font nullfont!
Missing character: There is no 5 in font nullfont!
Missing character: There is no ) in font nullfont!

Overfull \hbox (20.0pt too wide) in paragraph at lines 14--16
[]
 []


! LaTeX Error: Missing \begin{document}.

See the LaTeX manual or LaTeX Companion for explanation.
Type  H <return>  for immediate help.
 ...                                              
                                                  
l.17 c
      lass PlaceCells(object):
You're in trouble here.  Try typing  <return>  to proceed.
If that doesn't work, type  X <return>  to quit.

Missing character: There is no c in font nullfont!
Missing character: There is no l in font nullfont!
Missing character: There is no a in font nullfont!
Missing character: There is no s in font nullfont!
Missing character: There is no s in font nullfont!
Missing character: There is no P in font nullfont!
Missing character: There is no l in font nullfont!
Missing character: There is no a in font nullfont!
Missing character: There is no c in font nullfont!
Missing character: There is no e in font nullfont!
Missing character: There is no C in font nullfont!
Missing character: There is no e in font nullfont!
Missing character: There is no l in font nullfont!
Missing character: There is no l in font nullfont!
Missing character: There is no s in font nullfont!
Missing character: There is no ( in font nullfont!
Missing character: There is no o in font nullfont!
Missing character: There is no b in font nullfont!
Missing character: There is no j in font nullfont!
Missing character: There is no e in font nullfont!
Missing character: There is no c in font nullfont!
Missing character: There is no t in font nullfont!
Missing character: There is no ) in font nullfont!
Missing character: There is no : in font nullfont!
Missing character: There is no d in font nullfont!
Missing character: There is no e in font nullfont!
Missing character: There is no f in font nullfont!
! Missing $ inserted.
<inserted text> 
                $
l.18 	def _
           _init__(self, num_cells, grid, **kwargs):
I've inserted a begin-math/end-math symbol since I think
you left one out. Proceed, with fingers crossed.

! Missing { inserted.
<to be read again> 
                   _
l.18 	def __
            init__(self, num_cells, grid, **kwargs):
A left brace was mandatory here, so I've put one in.
You might want to delete and/or insert some corrections
so that I will find a matching right brace soon.
(If you're confused by all this, try typing `I}' now.)

! Missing { inserted.
<to be read again> 
                   _
l.18 	def __init__
                  (self, num_cells, grid, **kwargs):
A left brace was mandatory here, so I've put one in.
You might want to delete and/or insert some corrections
so that I will find a matching right brace soon.
(If you're confused by all this, try typing `I}' now.)

! Missing $ inserted.
<inserted text> 
                $
l.22 
     
I've inserted a begin-math/end-math symbol since I think
you left one out. Proceed, with fingers crossed.

! Missing } inserted.
<inserted text> 
                }
l.22 
     
I've inserted something that you may have forgotten.
(See the <inserted text> above.)
With luck, this will get me unwedged. But if you
really didn't forget anything, try typing `2' now; then
my insertion and my current dilemma will both disappear.

! Missing } inserted.
<inserted text> 
                }
l.22 
     
I've inserted something that you may have forgotten.
(See the <inserted text> above.)
With luck, this will get me unwedged. But if you
really didn't forget anything, try typing `2' now; then
my insertion and my current dilemma will both disappear.


Overfull \hbox (20.0pt too wide) in paragraph at lines 17--22
[]
 []


Overfull \hbox (428.14818pt too wide) in paragraph at lines 17--22
[]$ 
 []


! LaTeX Error: Missing \begin{document}.

See the LaTeX manual or LaTeX Companion for explanation.
Type  H <return>  for immediate help.
 ...                                              
                                                  
l.23 		s
        elf.x = np.random.uniform(0,1,(self.num_cells,))
You're in trouble here.  Try typing  <return>  to proceed.
If that doesn't work, type  X <return>  to quit.

Missing character: There is no s in font nullfont!
Missing character: There is no e in font nullfont!
Missing character: There is no l in font nullfont!
Missing character: There is no f in font nullfont!
Missing character: There is no . in font nullfont!
Missing character: There is no x in font nullfont!
Missing character: There is no = in font nullfont!
Missing character: There is no n in font nullfont!
Missing character: There is no p in font nullfont!
Missing character: There is no . in font nullfont!
Missing character: There is no r in font nullfont!
Missing character: There is no a in font nullfont!
Missing character: There is no n in font nullfont!
Missing character: There is no d in font nullfont!
Missing character: There is no o in font nullfont!
Missing character: There is no m in font nullfont!
Missing character: There is no . in font nullfont!
Missing character: There is no u in font nullfont!
Missing character: There is no n in font nullfont!
Missing character: There is no i in font nullfont!
Missing character: There is no f in font nullfont!
Missing character: There is no o in font nullfont!
Missing character: There is no r in font nullfont!
Missing character: There is no m in font nullfont!
Missing character: There is no ( in font nullfont!
Missing character: There is no 0 in font nullfont!
Missing character: There is no , in font nullfont!
Missing character: There is no 1 in font nullfont!
Missing character: There is no , in font nullfont!
Missing character: There is no ( in font nullfont!
Missing character: There is no s in font nullfont!
Missing character: There is no e in font nullfont!
Missing character: There is no l in font nullfont!
Missing character: There is no f in font nullfont!
Missing character: There is no . in font nullfont!
Missing character: There is no n in font nullfont!
Missing character: There is no u in font nullfont!
Missing character: There is no m in font nullfont!
! Missing $ inserted.
<inserted text> 
                $
l.23 		self.x = np.random.uniform(0,1,(self.num_
                                                cells,))
I've inserted a begin-math/end-math symbol since I think
you left one out. Proceed, with fingers crossed.

! Missing $ inserted.
<inserted text> 
                $
l.25 
     
I've inserted a begin-math/end-math symbol since I think
you left one out. Proceed, with fingers crossed.


Overfull \hbox (20.0pt too wide) in paragraph at lines 23--25
[]
 []


Overfull \hbox (68.5368pt too wide) in paragraph at lines 23--25
[]\OML/cmm/m/it/10 ells; \OT1/cmr/m/n/10 ))\OML/cmm/m/it/10 self:y \OT1/cmr/m/n
/10 =
 []


Overfull \hbox (190.95348pt too wide) in paragraph at lines 23--25
\OML/cmm/m/it/10 np:random:uniform\OT1/cmr/m/n/10 (0\OML/cmm/m/it/10 ; \OT1/cmr
/m/n/10 1\OML/cmm/m/it/10 ; \OT1/cmr/m/n/10 (\OML/cmm/m/it/10 self:num[]ells; \
OT1/cmr/m/n/10 ))$ 
 []


! LaTeX Error: Missing \begin{document}.

See the LaTeX manual or LaTeX Companion for explanation.
Type  H <return>  for immediate help.
 ...                                              
                                                  
l.26 	d
       ef activity(self, position):
You're in trouble here.  Try typing  <return>  to proceed.
If that doesn't work, type  X <return>  to quit.

Missing character: There is no d in font nullfont!
Missing character: There is no e in font nullfont!
Missing character: There is no f in font nullfont!
Missing character: There is no a in font nullfont!
Missing character: There is no c in font nullfont!
Missing character: There is no t in font nullfont!
Missing character: There is no i in font nullfont!
Missing character: There is no v in font nullfont!
Missing character: There is no i in font nullfont!
Missing character: There is no t in font nullfont!
Missing character: There is no y in font nullfont!
Missing character: There is no ( in font nullfont!
Missing character: There is no s in font nullfont!
Missing character: There is no e in font nullfont!
Missing character: There is no l in font nullfont!
Missing character: There is no f in font nullfont!
Missing character: There is no , in font nullfont!
Missing character: There is no p in font nullfont!
Missing character: There is no o in font nullfont!
Missing character: There is no s in font nullfont!
Missing character: There is no i in font nullfont!
Missing character: There is no t in font nullfont!
Missing character: There is no i in font nullfont!
Missing character: There is no o in font nullfont!
Missing character: There is no n in font nullfont!
Missing character: There is no ) in font nullfont!
Missing character: There is no : in font nullfont!
Missing character: There is no x in font nullfont!
Missing character: There is no 0 in font nullfont!
Missing character: There is no = in font nullfont!
Missing character: There is no ( in font nullfont!
Missing character: There is no p in font nullfont!
Missing character: There is no o in font nullfont!
Missing character: There is no s in font nullfont!
Missing character: There is no i in font nullfont!
Missing character: There is no t in font nullfont!
Missing character: There is no i in font nullfont!
Missing character: There is no o in font nullfont!
Missing character: There is no n in font nullfont!
Missing character: There is no [ in font nullfont!
Missing character: There is no 0 in font nullfont!
Missing character: There is no ] in font nullfont!
Missing character: There is no / in font nullfont!
Missing character: There is no s in font nullfont!
Missing character: There is no e in font nullfont!
Missing character: There is no l in font nullfont!
Missing character: There is no f in font nullfont!
Missing character: There is no . in font nullfont!
Missing character: There is no g in font nullfont!
Missing character: There is no x in font nullfont!
Missing character: There is no ) in font nullfont!
Missing character: There is no + in font nullfont!
Missing character: There is no f in font nullfont!
Missing character: There is no l in font nullfont!
Missing character: There is no o in font nullfont!
Missing character: There is no a in font nullfont!
Missing character: There is no t in font nullfont!
Missing character: There is no ( in font nullfont!
Missing character: There is no 1 in font nullfont!
Missing character: There is no / in font nullfont!
Missing character: There is no ( in font nullfont!
Missing character: There is no 2 in font nullfont!
Missing character: There is no * in font nullfont!
Missing character: There is no s in font nullfont!
Missing character: There is no e in font nullfont!
Missing character: There is no l in font nullfont!
Missing character: There is no f in font nullfont!
Missing character: There is no . in font nullfont!
Missing character: There is no g in font nullfont!
Missing character: There is no x in font nullfont!
Missing character: There is no ) in font nullfont!
Missing character: There is no ) in font nullfont!
Missing character: There is no y in font nullfont!
Missing character: There is no 0 in font nullfont!
Missing character: There is no = in font nullfont!
Missing character: There is no ( in font nullfont!
Missing character: There is no p in font nullfont!
Missing character: There is no o in font nullfont!
Missing character: There is no s in font nullfont!
Missing character: There is no i in font nullfont!
Missing character: There is no t in font nullfont!
Missing character: There is no i in font nullfont!
Missing character: There is no o in font nullfont!
Missing character: There is no n in font nullfont!
Missing character: There is no [ in font nullfont!
Missing character: There is no 1 in font nullfont!
Missing character: There is no ] in font nullfont!
Missing character: There is no / in font nullfont!
Missing character: There is no s in font nullfont!
Missing character: There is no e in font nullfont!
Missing character: There is no l in font nullfont!
Missing character: There is no f in font nullfont!
Missing character: There is no . in font nullfont!
Missing character: There is no g in font nullfont!
Missing character: There is no y in font nullfont!
Missing character: There is no ) in font nullfont!
Missing character: There is no + in font nullfont!
Missing character: There is no f in font nullfont!
Missing character: There is no l in font nullfont!
Missing character: There is no o in font nullfont!
Missing character: There is no a in font nullfont!
Missing character: There is no t in font nullfont!
Missing character: There is no ( in font nullfont!
Missing character: There is no 1 in font nullfont!
Missing character: There is no / in font nullfont!
Missing character: There is no ( in font nullfont!
Missing character: There is no 2 in font nullfont!
Missing character: There is no * in font nullfont!
Missing character: There is no s in font nullfont!
Missing character: There is no e in font nullfont!
Missing character: There is no l in font nullfont!
Missing character: There is no f in font nullfont!
Missing character: There is no . in font nullfont!
Missing character: There is no g in font nullfont!
Missing character: There is no y in font nullfont!
Missing character: There is no ) in font nullfont!
Missing character: There is no ) in font nullfont!

Overfull \hbox (20.0pt too wide) in paragraph at lines 26--29
[]
 []


! LaTeX Error: Missing \begin{document}.

See the LaTeX manual or LaTeX Companion for explanation.
Type  H <return>  for immediate help.
 ...                                              
                                                  
l.30 		p
        c_activities = (np.exp(-((self.x-x0)**2 + (self.y-y0)**2) / self.fie...

You're in trouble here.  Try typing  <return>  to proceed.
If that doesn't work, type  X <return>  to quit.

Missing character: There is no p in font nullfont!
Missing character: There is no c in font nullfont!
! Missing $ inserted.
<inserted text> 
                $
l.30 		pc_
          activities = (np.exp(-((self.x-x0)**2 + (self.y-y0)**2) / self.fie...
I've inserted a begin-math/end-math symbol since I think
you left one out. Proceed, with fingers crossed.

! Missing $ inserted.
<inserted text> 
                $
l.33 
     
I've inserted a begin-math/end-math symbol since I think
you left one out. Proceed, with fingers crossed.


Overfull \hbox (71.82811pt too wide) in paragraph at lines 30--33
[]$[]\OML/cmm/m/it/10 ctivities \OT1/cmr/m/n/10 =
 []


Overfull \hbox (86.75948pt too wide) in paragraph at lines 30--33
\OT1/cmr/m/n/10 (\OML/cmm/m/it/10 np:exp\OT1/cmr/m/n/10 (\OMS/cmsy/m/n/10 ^^@\O
T1/cmr/m/n/10 ((\OML/cmm/m/it/10 self:x \OMS/cmsy/m/n/10 ^^@
 []


Overfull \hbox (19.6042pt too wide) in paragraph at lines 30--33
\OML/cmm/m/it/10 x\OT1/cmr/m/n/10 0) \OMS/cmsy/m/n/10 ^^C
 []


Overfull \hbox (17.77783pt too wide) in paragraph at lines 30--33
\OMS/cmsy/m/n/10 ^^C\OT1/cmr/m/n/10 2 +
 []


Overfull \hbox (37.64713pt too wide) in paragraph at lines 30--33
\OT1/cmr/m/n/10 (\OML/cmm/m/it/10 self:y \OMS/cmsy/m/n/10 ^^@
 []


Overfull \hbox (19.15053pt too wide) in paragraph at lines 30--33
\OML/cmm/m/it/10 y\OT1/cmr/m/n/10 0) \OMS/cmsy/m/n/10 ^^C
 []


Overfull \hbox (91.56297pt too wide) in paragraph at lines 30--33
\OMS/cmsy/m/n/10 ^^C\OT1/cmr/m/n/10 2)\OML/cmm/m/it/10 =self:field[]idth \OMS/c
msy/m/n/10 ^^C
 []


Overfull \hbox (63.92024pt too wide) in paragraph at lines 30--33
\OMS/cmsy/m/n/10 ^^C\OT1/cmr/m/n/10 2))\OML/cmm/m/it/10 state[]ec \OT1/cmr/m/n/
10 =
 []


Overfull \hbox (133.98991pt too wide) in paragraph at lines 30--33
\OML/cmm/m/it/10 pc[]ctivities:round\OT1/cmr/m/n/10 (\OML/cmm/m/it/10 decimals 
\OT1/cmr/m/n/10 =
 []


Overfull \hbox (214.37671pt too wide) in paragraph at lines 30--33
\OT1/cmr/m/n/10 10)\OML/cmm/m/it/10 returnnp:reshape\OT1/cmr/m/n/10 (\OML/cmm/m
/it/10 state[]ec; \OT1/cmr/m/n/10 (1\OML/cmm/m/it/10 ; len\OT1/cmr/m/n/10 (\OML
/cmm/m/it/10 state[]ec\OT1/cmr/m/n/10 )))$ 
 []


! LaTeX Error: Missing \begin{document}.

See the LaTeX manual or LaTeX Companion for explanation.
Type  H <return>  for immediate help.
 ...                                              
                                                  
l.35 c
      lass SceneFrame(object):
You're in trouble here.  Try typing  <return>  to proceed.
If that doesn't work, type  X <return>  to quit.

Missing character: There is no c in font nullfont!
Missing character: There is no l in font nullfont!
Missing character: There is no a in font nullfont!
Missing character: There is no s in font nullfont!
Missing character: There is no s in font nullfont!
Missing character: There is no S in font nullfont!
Missing character: There is no c in font nullfont!
Missing character: There is no e in font nullfont!
Missing character: There is no n in font nullfont!
Missing character: There is no e in font nullfont!
Missing character: There is no F in font nullfont!
Missing character: There is no r in font nullfont!
Missing character: There is no a in font nullfont!
Missing character: There is no m in font nullfont!
Missing character: There is no e in font nullfont!
Missing character: There is no ( in font nullfont!
Missing character: There is no o in font nullfont!
Missing character: There is no b in font nullfont!
Missing character: There is no j in font nullfont!
Missing character: There is no e in font nullfont!
Missing character: There is no c in font nullfont!
Missing character: There is no t in font nullfont!
Missing character: There is no ) in font nullfont!
Missing character: There is no : in font nullfont!
Missing character: There is no d in font nullfont!
Missing character: There is no e in font nullfont!
Missing character: There is no f in font nullfont!
! Missing $ inserted.
<inserted text> 
                $
l.36 	def _
           _init__(self, grid, agent, reward, **kwargs):
I've inserted a begin-math/end-math symbol since I think
you left one out. Proceed, with fingers crossed.

! Missing { inserted.
<to be read again> 
                   _
l.36 	def __
            init__(self, grid, agent, reward, **kwargs):
A left brace was mandatory here, so I've put one in.
You might want to delete and/or insert some corrections
so that I will find a matching right brace soon.
(If you're confused by all this, try typing `I}' now.)

! Missing { inserted.
<to be read again> 
                   _
l.36 	def __init__
                  (self, grid, agent, reward, **kwargs):
A left brace was mandatory here, so I've put one in.
You might want to delete and/or insert some corrections
so that I will find a matching right brace soon.
(If you're confused by all this, try typing `I}' now.)

! Missing $ inserted.
<inserted text> 
                $
l.40 
     
I've inserted a begin-math/end-math symbol since I think
you left one out. Proceed, with fingers crossed.

! Missing } inserted.
<inserted text> 
                }
l.40 
     
I've inserted something that you may have forgotten.
(See the <inserted text> above.)
With luck, this will get me unwedged. But if you
really didn't forget anything, try typing `2' now; then
my insertion and my current dilemma will both disappear.

! Missing } inserted.
<inserted text> 
                }
l.40 
     
I've inserted something that you may have forgotten.
(See the <inserted text> above.)
With luck, this will get me unwedged. But if you
really didn't forget anything, try typing `2' now; then
my insertion and my current dilemma will both disappear.


Overfull \hbox (20.0pt too wide) in paragraph at lines 35--40
[]
 []


Overfull \hbox (312.54839pt too wide) in paragraph at lines 35--40
[]$ 
 []


! LaTeX Error: Missing \begin{document}.

See the LaTeX manual or LaTeX Companion for explanation.
Type  H <return>  for immediate help.
 ...                                              
                                                  
l.43 d
      ef get_frame(maze, **kwargs):
You're in trouble here.  Try typing  <return>  to proceed.
If that doesn't work, type  X <return>  to quit.

Missing character: There is no d in font nullfont!
Missing character: There is no e in font nullfont!
Missing character: There is no f in font nullfont!
Missing character: There is no g in font nullfont!
Missing character: There is no e in font nullfont!
Missing character: There is no t in font nullfont!
! Missing $ inserted.
<inserted text> 
                $
l.43 def get_
             frame(maze, **kwargs):
I've inserted a begin-math/end-math symbol since I think
you left one out. Proceed, with fingers crossed.

! You can't use `macro parameter character #' in math mode.
l.46 	#
       grid
Sorry, but I'm not programmed to handle this case;
I'll just pretend that you didn't ask for it.
If you're in the wrong mode, you might be able to
return to the right one by typing `I}' or `I$' or `I\par'.

! You can't use `macro parameter character #' in math mode.
l.48 	#
       location of reward
Sorry, but I'm not programmed to handle this case;
I'll just pretend that you didn't ask for it.
If you're in the wrong mode, you might be able to
return to the right one by typing `I}' or `I$' or `I\par'.

! You can't use `macro parameter character #' in math mode.
l.51 	#
       location of agent
Sorry, but I'm not programmed to handle this case;
I'll just pretend that you didn't ask for it.
If you're in the wrong mode, you might be able to
return to the right one by typing `I}' or `I$' or `I\par'.

! Missing $ inserted.
<inserted text> 
                $
l.54 
     
I've inserted a begin-math/end-math symbol since I think
you left one out. Proceed, with fingers crossed.


Overfull \hbox (20.0pt too wide) in paragraph at lines 43--54
[]
 []


Overfull \hbox (70.84167pt too wide) in paragraph at lines 43--54
[]\OML/cmm/m/it/10 rame\OT1/cmr/m/n/10 (\OML/cmm/m/it/10 maze; \OMS/cmsy/m/n/10
 ^^C ^^C
 []


Overfull \hbox (42.28471pt too wide) in paragraph at lines 43--54
\OML/cmm/m/it/10 kwargs\OT1/cmr/m/n/10 ) :
 []


Overfull \hbox (70.67555pt too wide) in paragraph at lines 43--54
\OML/cmm/m/it/10 agent[]ocation \OT1/cmr/m/n/10 =
 []


Overfull \hbox (257.1581pt too wide) in paragraph at lines 43--54
\OML/cmm/m/it/10 kwargs:get\OT1/cmr/m/n/10 ([]\OML/cmm/m/it/10 agtlocation[]; m
aze:cur[]tate\OT1/cmr/m/n/10 )\OML/cmm/m/it/10 reward[]ocation \OT1/cmr/m/n/10 
=
 []


Overfull \hbox (234.3207pt too wide) in paragraph at lines 43--54
\OML/cmm/m/it/10 kwargs:get\OT1/cmr/m/n/10 ([]\OML/cmm/m/it/10 rwdlocation[]; m
aze:rwd[]oc\OT1/cmr/m/n/10 [0])\OML/cmm/m/it/10 gridgrid \OT1/cmr/m/n/10 =
 []


Overfull \hbox (187.1648pt too wide) in paragraph at lines 43--54
\OML/cmm/m/it/10 maze:gridlocationofrewardrwd[]osition \OT1/cmr/m/n/10 =
 []


Overfull \hbox (337.28687pt too wide) in paragraph at lines 43--54
\OML/cmm/m/it/10 np:zeros[]ike\OT1/cmr/m/n/10 (\OML/cmm/m/it/10 maze:grid\OT1/c
mr/m/n/10 )\OML/cmm/m/it/10 rwd[]osition\OT1/cmr/m/n/10 [\OML/cmm/m/it/10 rewar
d[]ocation\OT1/cmr/m/n/10 [1]\OML/cmm/m/it/10 ; reward[]ocation\OT1/cmr/m/n/10 
[0]] =
 []


Overfull \hbox (136.13966pt too wide) in paragraph at lines 43--54
\OT1/cmr/m/n/10 1\OML/cmm/m/it/10 locationofagentagt[]osition \OT1/cmr/m/n/10 =

 []


Overfull \hbox (318.95pt too wide) in paragraph at lines 43--54
\OML/cmm/m/it/10 np:zeros[]ike\OT1/cmr/m/n/10 (\OML/cmm/m/it/10 maze:grid\OT1/c
mr/m/n/10 )\OML/cmm/m/it/10 agt[]osition\OT1/cmr/m/n/10 [\OML/cmm/m/it/10 agent
[]ocation\OT1/cmr/m/n/10 [1]\OML/cmm/m/it/10 ; agent[]ocation\OT1/cmr/m/n/10 [0
]] =
 []


Overfull \hbox (5.00002pt too wide) in paragraph at lines 43--54
\OT1/cmr/m/n/10 1$ 
 []


! LaTeX Error: Missing \begin{document}.

See the LaTeX manual or LaTeX Companion for explanation.
Type  H <return>  for immediate help.
 ...                                              
                                                  
l.55 	r
       eturn np.array((grid, rwd_position, agt_position)) #np.transpose(np.a...

You're in trouble here.  Try typing  <return>  to proceed.
If that doesn't work, type  X <return>  to quit.

Missing character: There is no r in font nullfont!
Missing character: There is no e in font nullfont!
Missing character: There is no t in font nullfont!
Missing character: There is no u in font nullfont!
Missing character: There is no r in font nullfont!
Missing character: There is no n in font nullfont!
Missing character: There is no n in font nullfont!
Missing character: There is no p in font nullfont!
Missing character: There is no . in font nullfont!
Missing character: There is no a in font nullfont!
Missing character: There is no r in font nullfont!
Missing character: There is no r in font nullfont!
Missing character: There is no a in font nullfont!
Missing character: There is no y in font nullfont!
Missing character: There is no ( in font nullfont!
Missing character: There is no ( in font nullfont!
Missing character: There is no g in font nullfont!
Missing character: There is no r in font nullfont!
Missing character: There is no i in font nullfont!
Missing character: There is no d in font nullfont!
Missing character: There is no , in font nullfont!
Missing character: There is no r in font nullfont!
Missing character: There is no w in font nullfont!
Missing character: There is no d in font nullfont!
! Missing $ inserted.
<inserted text> 
                $
l.55 	return np.array((grid, rwd_
                                 position, agt_position)) #np.transpose(np.a...
I've inserted a begin-math/end-math symbol since I think
you left one out. Proceed, with fingers crossed.

! You can't use `macro parameter character #' in math mode.
l.55 ...rray((grid, rwd_position, agt_position)) #
                                                  np.transpose(np.array((gri...
Sorry, but I'm not programmed to handle this case;
I'll just pretend that you didn't ask for it.
If you're in the wrong mode, you might be able to
return to the right one by typing `I}' or `I$' or `I\par'.

! Missing $ inserted.
<inserted text> 
                $
l.56 
     
I've inserted a begin-math/end-math symbol since I think
you left one out. Proceed, with fingers crossed.


Overfull \hbox (20.0pt too wide) in paragraph at lines 55--56
[]
 []


Overfull \hbox (378.60709pt too wide) in paragraph at lines 55--56
[]\OML/cmm/m/it/10 osition; agt[]osition\OT1/cmr/m/n/10 ))\OML/cmm/m/it/10 np:t
ranspose\OT1/cmr/m/n/10 (\OML/cmm/m/it/10 np:array\OT1/cmr/m/n/10 ((\OML/cmm/m/
it/10 grid; rwd[]osition; agt[]osition\OT1/cmr/m/n/10 ))\OML/cmm/m/it/10 ; axes
 \OT1/cmr/m/n/10 =
 []


Overfull \hbox (33.33334pt too wide) in paragraph at lines 55--56
\OT1/cmr/m/n/10 [1\OML/cmm/m/it/10 ; \OT1/cmr/m/n/10 2\OML/cmm/m/it/10 ; \OT1/c
mr/m/n/10 0])$ 
 []


! LaTeX Error: Missing \begin{document}.

See the LaTeX manual or LaTeX Companion for explanation.
Type  H <return>  for immediate help.
 ...                                              
                                                  
l.58 d
      ef gen_input(maze, state_type, agt_dictionary):
You're in trouble here.  Try typing  <return>  to proceed.
If that doesn't work, type  X <return>  to quit.

Missing character: There is no d in font nullfont!
Missing character: There is no e in font nullfont!
Missing character: There is no f in font nullfont!
Missing character: There is no g in font nullfont!
Missing character: There is no e in font nullfont!
Missing character: There is no n in font nullfont!
! Missing $ inserted.
<inserted text> 
                $
l.58 def gen_
             input(maze, state_type, agt_dictionary):
I've inserted a begin-math/end-math symbol since I think
you left one out. Proceed, with fingers crossed.

! You can't use `macro parameter character #' in math mode.
l.60 	    #
            place cell parameters
Sorry, but I'm not programmed to handle this case;
I'll just pretend that you didn't ask for it.
If you're in the wrong mode, you might be able to
return to the right one by typing `I}' or `I$' or `I\par'.

! Missing $ inserted.
<inserted text> 
                $
l.65 
     
I've inserted a begin-math/end-math symbol since I think
you left one out. Proceed, with fingers crossed.


Overfull \hbox (20.0pt too wide) in paragraph at lines 58--65
[]
 []


Overfull \hbox (169.75883pt too wide) in paragraph at lines 58--65
[]\OML/cmm/m/it/10 nput\OT1/cmr/m/n/10 (\OML/cmm/m/it/10 maze; state[]ype; agt[
]ictionary\OT1/cmr/m/n/10 ) :
 []


Overfull \hbox (70.8781pt too wide) in paragraph at lines 58--65
\OML/cmm/m/it/10 ifstate[]ype \OT1/cmr/m/n/10 ==[]
 []


Overfull \hbox (22.40736pt too wide) in paragraph at lines 58--65
\OML/cmm/m/it/10 pcs[] \OT1/cmr/m/n/10 :
 []


Overfull \hbox (129.41203pt too wide) in paragraph at lines 58--65
\OML/cmm/m/it/10 placecellparametersnum[]c \OT1/cmr/m/n/10 =
 []


Overfull \hbox (58.4978pt too wide) in paragraph at lines 58--65
\OT1/cmr/m/n/10 1000\OML/cmm/m/it/10 fwhm \OT1/cmr/m/n/10 =
 []


Overfull \hbox (42.37965pt too wide) in paragraph at lines 58--65
\OT1/cmr/m/n/10 0\OML/cmm/m/it/10 :\OT1/cmr/m/n/10 05\OML/cmm/m/it/10 pcs \OT1/
cmr/m/n/10 =
 []


Overfull \hbox (103.55685pt too wide) in paragraph at lines 58--65
\OML/cmm/m/it/10 PlaceCells\OT1/cmr/m/n/10 (\OML/cmm/m/it/10 num[]ells \OT1/cmr
/m/n/10 =
 []


Overfull \hbox (63.02472pt too wide) in paragraph at lines 58--65
\OML/cmm/m/it/10 num[]c; grid \OT1/cmr/m/n/10 =
 []


Overfull \hbox (66.75475pt too wide) in paragraph at lines 58--65
\OML/cmm/m/it/10 maze; fwhm \OT1/cmr/m/n/10 =
 []


Overfull \hbox (163.67026pt too wide) in paragraph at lines 58--65
\OML/cmm/m/it/10 fwhm\OT1/cmr/m/n/10 )\OML/cmm/m/it/10 gp:make[]nv[]lots\OT1/cm
r/m/n/10 (\OML/cmm/m/it/10 maze; env \OT1/cmr/m/n/10 =
 []


Overfull \hbox (64.67485pt too wide) in paragraph at lines 58--65
\OML/cmm/m/it/10 True; pc[]ap \OT1/cmr/m/n/10 =
 []


Overfull \hbox (51.4491pt too wide) in paragraph at lines 58--65
\OML/cmm/m/it/10 True; pcs \OT1/cmr/m/n/10 =
 []


Overfull \hbox (48.8819pt too wide) in paragraph at lines 58--65
\OML/cmm/m/it/10 pcs; save \OT1/cmr/m/n/10 =
 []


Overfull \hbox (29.51859pt too wide) in paragraph at lines 58--65
\OML/cmm/m/it/10 False\OT1/cmr/m/n/10 )$ 
 []


! LaTeX Error: Missing \begin{document}.

See the LaTeX manual or LaTeX Companion for explanation.
Type  H <return>  for immediate help.
 ...                                              
                                                  
l.66 	    a
           gt_dictionary['input_dims'] = num_pc
You're in trouble here.  Try typing  <return>  to proceed.
If that doesn't work, type  X <return>  to quit.

Missing character: There is no a in font nullfont!
Missing character: There is no g in font nullfont!
Missing character: There is no t in font nullfont!
! Missing $ inserted.
<inserted text> 
                $
l.66 	    agt_
              dictionary['input_dims'] = num_pc
I've inserted a begin-math/end-math symbol since I think
you left one out. Proceed, with fingers crossed.

! Missing $ inserted.
<inserted text> 
                $
l.69 
     
I've inserted a begin-math/end-math symbol since I think
you left one out. Proceed, with fingers crossed.


Overfull \hbox (132.7905pt too wide) in paragraph at lines 66--69
[]$[]\OML/cmm/m/it/10 ictionary\OT1/cmr/m/n/10 [[]\OML/cmm/m/it/10 input[]ims[]
\OT1/cmr/m/n/10 ] =
 []


Overfull \hbox (148.4519pt too wide) in paragraph at lines 66--69
\OML/cmm/m/it/10 num[]cagt[]ictionary\OT1/cmr/m/n/10 [[]\OML/cmm/m/it/10 hid[]y
pes[]\OT1/cmr/m/n/10 ] =
 []


Overfull \hbox (155.93938pt too wide) in paragraph at lines 66--69
\OT1/cmr/m/n/10 [[]\OML/cmm/m/it/10 linear[]\OT1/cmr/m/n/10 ]\OML/cmm/m/it/10 a
gt[]ictionary\OT1/cmr/m/n/10 [[]\OML/cmm/m/it/10 hid[]ims[]\OT1/cmr/m/n/10 ] =
 []


Overfull \hbox (20.55562pt too wide) in paragraph at lines 66--69
\OT1/cmr/m/n/10 [500]$ 
 []


! LaTeX Error: Missing \begin{document}.

See the LaTeX manual or LaTeX Companion for explanation.
Type  H <return>  for immediate help.
 ...                                              
                                                  
l.71 	e
       lif state_type == 'conv':
You're in trouble here.  Try typing  <return>  to proceed.
If that doesn't work, type  X <return>  to quit.

Missing character: There is no e in font nullfont!
Missing character: There is no l in font nullfont!
Missing character: There is no i in font nullfont!
Missing character: There is no f in font nullfont!
Missing character: There is no s in font nullfont!
Missing character: There is no t in font nullfont!
Missing character: There is no a in font nullfont!
Missing character: There is no t in font nullfont!
Missing character: There is no e in font nullfont!
! Missing $ inserted.
<inserted text> 
                $
l.71 	elif state_
                 type == 'conv':
I've inserted a begin-math/end-math symbol since I think
you left one out. Proceed, with fingers crossed.

! Missing $ inserted.
<inserted text> 
                $
l.78 
     
I've inserted a begin-math/end-math symbol since I think
you left one out. Proceed, with fingers crossed.


Overfull \hbox (20.0pt too wide) in paragraph at lines 71--78
[]
 []


Overfull \hbox (39.60883pt too wide) in paragraph at lines 71--78
[]\OML/cmm/m/it/10 ype \OT1/cmr/m/n/10 ==[]
 []


Overfull \hbox (28.7442pt too wide) in paragraph at lines 71--78
\OML/cmm/m/it/10 conv[] \OT1/cmr/m/n/10 :
 []


Overfull \hbox (131.83913pt too wide) in paragraph at lines 71--78
\OML/cmm/m/it/10 gp:make[]nv[]lots\OT1/cmr/m/n/10 (\OML/cmm/m/it/10 maze; env \
OT1/cmr/m/n/10 =
 []


Overfull \hbox (57.23845pt too wide) in paragraph at lines 71--78
\OML/cmm/m/it/10 True; save \OT1/cmr/m/n/10 =
 []


Overfull \hbox (167.87498pt too wide) in paragraph at lines 71--78
\OML/cmm/m/it/10 True\OT1/cmr/m/n/10 )\OML/cmm/m/it/10 agt[]ictionary\OT1/cmr/m
/n/10 [[]\OML/cmm/m/it/10 num[]hannels[]\OT1/cmr/m/n/10 ] =
 []


Overfull \hbox (72.63396pt too wide) in paragraph at lines 71--78
\OT1/cmr/m/n/10 3\OML/cmm/m/it/10 ifmaze:bound \OT1/cmr/m/n/10 :
 []


Overfull \hbox (126.81596pt too wide) in paragraph at lines 71--78
\OML/cmm/m/it/10 agt[]ictionary\OT1/cmr/m/n/10 [[]\OML/cmm/m/it/10 input[]ims[]
\OT1/cmr/m/n/10 ] =
 []


Overfull \hbox (43.51868pt too wide) in paragraph at lines 71--78
\OT1/cmr/m/n/10 (\OML/cmm/m/it/10 maze:y \OT1/cmr/m/n/10 +
 []


Overfull \hbox (49.52788pt too wide) in paragraph at lines 71--78
\OT1/cmr/m/n/10 2\OML/cmm/m/it/10 ; maze:x \OT1/cmr/m/n/10 +
 []


Overfull \hbox (96.22675pt too wide) in paragraph at lines 71--78
\OT1/cmr/m/n/10 2\OML/cmm/m/it/10 ; num[]hannels\OT1/cmr/m/n/10 )\OML/cmm/m/it/
10 else \OT1/cmr/m/n/10 :
 []


Overfull \hbox (126.81596pt too wide) in paragraph at lines 71--78
\OML/cmm/m/it/10 agt[]ictionary\OT1/cmr/m/n/10 [[]\OML/cmm/m/it/10 input[]ims[]
\OT1/cmr/m/n/10 ] =
 []


Overfull \hbox (140.98157pt too wide) in paragraph at lines 71--78
\OT1/cmr/m/n/10 (\OML/cmm/m/it/10 maze:y; maze:x; num[]hannels\OT1/cmr/m/n/10 )
$ 
 []


! LaTeX Error: Missing \begin{document}.

See the LaTeX manual or LaTeX Companion for explanation.
Type  H <return>  for immediate help.
 ...                                              
                                                  
l.79 	    a
           gt_dictionary['hid_types'] = ['conv', 'pool', 'linear']
You're in trouble here.  Try typing  <return>  to proceed.
If that doesn't work, type  X <return>  to quit.

Missing character: There is no a in font nullfont!
Missing character: There is no g in font nullfont!
Missing character: There is no t in font nullfont!
! Missing $ inserted.
<inserted text> 
                $
l.79 	    agt_
              dictionary['hid_types'] = ['conv', 'pool', 'linear']
I've inserted a begin-math/end-math symbol since I think
you left one out. Proceed, with fingers crossed.

! Missing $ inserted.
<inserted text> 
                $
l.83 
     
I've inserted a begin-math/end-math symbol since I think
you left one out. Proceed, with fingers crossed.


Overfull \hbox (124.96947pt too wide) in paragraph at lines 79--83
[]$[]\OML/cmm/m/it/10 ictionary\OT1/cmr/m/n/10 [[]\OML/cmm/m/it/10 hid[]ypes[]\
OT1/cmr/m/n/10 ] =
 []


Overfull \hbox (219.95265pt too wide) in paragraph at lines 79--83
\OT1/cmr/m/n/10 [[]\OML/cmm/m/it/10 conv[];[] pool[];[] linear[]\OT1/cmr/m/n/10
 ]\OML/cmm/m/it/10 agt[]ictionary\OT1/cmr/m/n/10 [[]\OML/cmm/m/it/10 conv[]ims[
]\OT1/cmr/m/n/10 ] =
 []


Overfull \hbox (234.44437pt too wide) in paragraph at lines 79--83
\OML/cmm/m/it/10 ac:conv[]utput\OT1/cmr/m/n/10 (\OML/cmm/m/it/10 input[]ims\OT1
/cmr/m/n/10 )\OML/cmm/m/it/10 agt[]ictionary\OT1/cmr/m/n/10 [[]\OML/cmm/m/it/10
 pool[]ims[]\OT1/cmr/m/n/10 ] =
 []


Overfull \hbox (227.35638pt too wide) in paragraph at lines 79--83
\OML/cmm/m/it/10 ac:conv[]utput\OT1/cmr/m/n/10 (\OML/cmm/m/it/10 conv[]ims\OT1/
cmr/m/n/10 )\OML/cmm/m/it/10 agt[]ictionary\OT1/cmr/m/n/10 [[]\OML/cmm/m/it/10 
hid[]ims[]\OT1/cmr/m/n/10 ] =
 []


Overfull \hbox (110.32959pt too wide) in paragraph at lines 79--83
\OT1/cmr/m/n/10 [\OML/cmm/m/it/10 conv[]ims; pool[]ims; \OT1/cmr/m/n/10 500]$ 
 []


! LaTeX Error: Missing \begin{document}.

See the LaTeX manual or LaTeX Companion for explanation.
Type  H <return>  for immediate help.
 ...                                              
                                                  
l.85 	r
       eturn agt_dictionary
You're in trouble here.  Try typing  <return>  to proceed.
If that doesn't work, type  X <return>  to quit.

Missing character: There is no r in font nullfont!
Missing character: There is no e in font nullfont!
Missing character: There is no t in font nullfont!
Missing character: There is no u in font nullfont!
Missing character: There is no r in font nullfont!
Missing character: There is no n in font nullfont!
Missing character: There is no a in font nullfont!
Missing character: There is no g in font nullfont!
Missing character: There is no t in font nullfont!
! Missing $ inserted.
<inserted text> 
                $
l.85 	return agt_
                 dictionary
I've inserted a begin-math/end-math symbol since I think
you left one out. Proceed, with fingers crossed.

! Missing $ inserted.
<inserted text> 
                $
l.86 
     
I've inserted a begin-math/end-math symbol since I think
you left one out. Proceed, with fingers crossed.


Overfull \hbox (20.0pt too wide) in paragraph at lines 85--86
[]
 []


Overfull \hbox (45.67824pt too wide) in paragraph at lines 85--86
[]\OML/cmm/m/it/10 ictionary$ 
 []

)
! Emergency stop.
<*> ...ocuments/Code/MEMRL/rl_network/stategen.py"
                                                  
*** (job aborted, no legal \end found)

 
Here is how much of TeX's memory you used:
 10 strings out of 494923
 419 string characters out of 6180743
 53555 words of memory out of 5000000
 3423 multiletter control sequences out of 15000+600000
 3640 words of font info for 14 fonts, out of 8000000 for 9000
 14 hyphenation exceptions out of 8191
 18i,4n,12p,202b,56s stack positions out of 5000i,500n,10000p,200000b,80000s
!  ==> Fatal error occurred, no output PDF file produced!
