
scontrol show jobid 4680205
JobId=4680205 JobName=debugjob-1-annik
   UserId=annik(3040126) GroupId=tyrell(6007401) MCS_label=N/A
   Priority=12606133 Nice=0 Account=def-tyrell QOS=normal
   JobState=COMPLETING Reason=TimeLimit Dependency=(null)
   Requeue=0 Restarts=0 BatchFlag=0 Reboot=0 ExitCode=0:0
   RunTime=01:00:16 TimeLimit=01:00:00 TimeMin=N/A
   SubmitTime=2021-01-07T21:15:41 EligibleTime=2021-01-07T21:15:41
   AccrueTime=Unknown
   StartTime=2021-01-07T21:15:41 EndTime=2021-01-07T22:15:57 Deadline=N/A
   SuspendTime=None SecsPreSuspend=0 LastSchedEval=2021-01-07T21:15:41
   Partition=debug AllocNode:Sid=nia-login01:48176
   ReqNodeList=(null) ExcNodeList=(null)
   NodeList=nia1710
   BatchHost=nia1710
   NumNodes=1 NumCPUs=80 NumTasks=40 CPUs/Task=1 ReqB:S:C:T=0:0:*:*
   TRES=cpu=80,mem=175G,node=1,billing=40
   Socks/Node=* NtasksPerN:B:S:C=0:0:*:* CoreSpec=*
   MinCPUsNode=1 MinMemoryNode=175G MinTmpDiskNode=0
   Features=[skylake|cascade] DelayBoot=00:00:00
   OverSubscribe=NO Contiguous=0 Licenses=(null) Network=(null)
   Command=(null)
   WorkDir=/gpfs/fs0/scratch/t/tyrell/annik/ec_basic_scinet/MEMRL/basic
   Power=
   MailUser=annik@scinet.local MailType=NONE

sacct -j 4680205
       JobID    JobName    Account    Elapsed  MaxVMSize     MaxRSS  SystemCPU    UserCPU ExitCode 
------------ ---------- ---------- ---------- ---------- ---------- ---------- ---------- -------- 
4680205      debugjob-+ def-tyrell   01:00:16                        15:16.049   07:15:18      0:0 
4680205.ext+     extern def-tyrell   01:00:16    138352K      1064K   00:00:00   00:00:00      0:0 
4680205.0          bash def-tyrell   01:01:11   8124740K   3809728K  15:16.049   07:15:18      0:9 
